<?xml version="1.0" encoding="UTF-8"?>
<robot generator="Robot 6.0.2 (Python 3.11.1 on darwin)" generated="20230818 12:43:20.376" rpa="false" schemaversion="3">
<suite id="s1" name="RobotAPITest" source="/Users/fatimazza/Belajar/QualityAssurance/RobotAPITest">
<suite id="s1-s1" name="Step" source="/Users/fatimazza/Belajar/QualityAssurance/RobotAPITest/step">
<suite id="s1-s1-s1" name="TC01 GET request" source="/Users/fatimazza/Belajar/QualityAssurance/RobotAPITest/step/TC01_GET_request.robot">
<test id="s1-s1-s1-t1" name="GET_Single_User" line="12">
<kw name="Create Session" library="RequestsLibrary">
<arg>mySession</arg>
<arg>${base_url}</arg>
<doc>Create Session: create a HTTP session to a server</doc>
<msg timestamp="20230818 12:43:20.567" level="INFO">Creating Session using : alias=mySession, url=http://reqres.in/api/, headers={},                     cookies={}, auth=None, timeout=None, proxies=None, verify=False,                     debug=0 </msg>
<status status="PASS" starttime="20230818 12:43:20.566" endtime="20230818 12:43:20.567"/>
</kw>
<kw name="GET On Session" library="RequestsLibrary">
<var>${response}</var>
<arg>mySession</arg>
<arg>/user/${user_id}</arg>
<doc>Sends a GET request on a previously created HTTP Session.</doc>
<msg timestamp="20230818 12:43:20.874" level="INFO">GET Request : url=http://reqres.in/api/user/2 (redirected) 
 path_url=/api/user/2 
 headers={'User-Agent': 'python-requests/2.28.2', 'Accept-Encoding': 'gzip, deflate', 'Accept': '*/*', 'Connection': 'keep-alive'} 
 body=None 
 </msg>
<msg timestamp="20230818 12:43:20.875" level="INFO">GET Response : url=https://reqres.in/api/user/2 
 status=200, reason=OK 
 headers={'Date': 'Fri, 18 Aug 2023 05:43:20 GMT', 'Content-Type': 'application/json; charset=utf-8', 'Transfer-Encoding': 'chunked', 'Connection': 'keep-alive', 'X-Powered-By': 'Express', 'Access-Control-Allow-Origin': '*', 'Etag': 'W/"e8-ov4wWh4/OY1IMQMqWgskYtOFnVs"', 'Via': '1.1 vegur', 'Cache-Control': 'max-age=14400', 'CF-Cache-Status': 'HIT', 'Age': '284', 'Report-To': '{"endpoints":[{"url":"https:\\/\\/a.nel.cloudflare.com\\/report\\/v3?s=oztz3BHYywtrKaUpL86w%2FbpYI0ixOC0G9awR5inZQ8JPptFmghnpfDXQgGovngFgCrbGhPw%2FAnUhO7zwo%2Bndm0DNisyfaPeuAQclF%2Fbvf8iDac2zebL%2BsnHXeQ%3D%3D"}],"group":"cf-nel","max_age":604800}', 'NEL': '{"success_fraction":0,"report_to":"cf-nel","max_age":604800}', 'Vary': 'Accept-Encoding', 'Server': 'cloudflare', 'CF-RAY': '7f87d6b39c953fda-SIN', 'Content-Encoding': 'gzip'} 
 body={"data":{"id":2,"name":"fuchsia rose","year":2001,"color":"#C74375","pantone_value":"17-2031"},"support":{"url":"https://reqres.in/#support-heading","text":"To keep ReqRes free, contributions towards server costs are appreciated!"}} 
 </msg>
<msg timestamp="20230818 12:43:20.875" level="INFO">/Users/fatimazza/.pyenv/versions/3.11.1/lib/python3.11/site-packages/urllib3/connectionpool.py:1045: InsecureRequestWarning: Unverified HTTPS request is being made to host 'reqres.in'. Adding certificate verification is strongly advised. See: https://urllib3.readthedocs.io/en/1.26.x/advanced-usage.html#ssl-warnings
  warnings.warn(</msg>
<msg timestamp="20230818 12:43:20.875" level="INFO">${response} = &lt;Response [200]&gt;</msg>
<status status="PASS" starttime="20230818 12:43:20.567" endtime="20230818 12:43:20.875"/>
</kw>
<kw name="Log To Console" library="BuiltIn">
<arg>Response Status: ${response.status_code} \n</arg>
<doc>Logs the given message to the console.</doc>
<status status="PASS" starttime="20230818 12:43:20.875" endtime="20230818 12:43:20.876"/>
</kw>
<kw name="Log To Console" library="BuiltIn">
<arg>Response Body: ${response.content} \n</arg>
<doc>Logs the given message to the console.</doc>
<status status="PASS" starttime="20230818 12:43:20.876" endtime="20230818 12:43:20.877"/>
</kw>
<kw name="Log To Console" library="BuiltIn">
<arg>Response Header: ${response.headers} \n</arg>
<doc>Logs the given message to the console.</doc>
<status status="PASS" starttime="20230818 12:43:20.877" endtime="20230818 12:43:20.878"/>
</kw>
<kw name="Status Should Be" library="RequestsLibrary">
<arg>200</arg>
<doc>Fails if response status code is different than the expected.</doc>
<status status="PASS" starttime="20230818 12:43:20.878" endtime="20230818 12:43:20.878"/>
</kw>
<kw name="Convert To String" library="BuiltIn">
<var>${responseStatus}</var>
<arg>${response.status_code}</arg>
<doc>Converts the given item to a Unicode string.</doc>
<msg timestamp="20230818 12:43:20.879" level="INFO">${responseStatus} = 200</msg>
<status status="PASS" starttime="20230818 12:43:20.879" endtime="20230818 12:43:20.879"/>
</kw>
<kw name="Should Be Equal" library="BuiltIn">
<arg>200</arg>
<arg>${responseStatus}</arg>
<doc>Fails if the given objects are unequal.</doc>
<status status="PASS" starttime="20230818 12:43:20.879" endtime="20230818 12:43:20.880"/>
</kw>
<kw name="Convert To String" library="BuiltIn">
<var>${responseBody}</var>
<arg>${response.content}</arg>
<doc>Converts the given item to a Unicode string.</doc>
<msg timestamp="20230818 12:43:20.880" level="INFO">${responseBody} = {"data":{"id":2,"name":"fuchsia rose","year":2001,"color":"#C74375","pantone_value":"17-2031"},"support":{"url":"https://reqres.in/#support-heading","text":"To keep ReqRes free, contributions towards ...</msg>
<status status="PASS" starttime="20230818 12:43:20.880" endtime="20230818 12:43:20.880"/>
</kw>
<kw name="Should Contain" library="BuiltIn">
<arg>${responseBody}</arg>
<arg>fuchsia rose</arg>
<doc>Fails if ``container`` does not contain ``item`` one or more times.</doc>
<status status="PASS" starttime="20230818 12:43:20.881" endtime="20230818 12:43:20.881"/>
</kw>
<kw name="Get From Dictionary" library="Collections">
<var>${responseHeadersContentType}</var>
<arg>${response.headers}</arg>
<arg>Content-Type</arg>
<doc>Returns a value from the given ``dictionary`` based on the given ``key``.</doc>
<msg timestamp="20230818 12:43:20.883" level="INFO">${responseHeadersContentType} = application/json; charset=utf-8</msg>
<status status="PASS" starttime="20230818 12:43:20.882" endtime="20230818 12:43:20.883"/>
</kw>
<kw name="Should Contain" library="BuiltIn">
<arg>${responseHeadersContentType}</arg>
<arg>application/json</arg>
<doc>Fails if ``container`` does not contain ``item`` one or more times.</doc>
<status status="PASS" starttime="20230818 12:43:20.883" endtime="20230818 12:43:20.883"/>
</kw>
<status status="PASS" starttime="20230818 12:43:20.566" endtime="20230818 12:43:20.883"/>
</test>
<status status="PASS" starttime="20230818 12:43:20.410" endtime="20230818 12:43:20.884"/>
</suite>
<status status="PASS" starttime="20230818 12:43:20.408" endtime="20230818 12:43:20.885"/>
</suite>
<status status="PASS" starttime="20230818 12:43:20.378" endtime="20230818 12:43:20.885"/>
</suite>
<statistics>
<total>
<stat pass="1" fail="0" skip="0">All Tests</stat>
</total>
<tag>
</tag>
<suite>
<stat pass="1" fail="0" skip="0" id="s1" name="RobotAPITest">RobotAPITest</stat>
<stat pass="1" fail="0" skip="0" id="s1-s1" name="Step">RobotAPITest.Step</stat>
<stat pass="1" fail="0" skip="0" id="s1-s1-s1" name="TC01 GET request">RobotAPITest.Step.TC01 GET request</stat>
</suite>
</statistics>
<errors>
</errors>
</robot>
